Release 14.7 - xst P.20131013 (nt64)
Copyright (c) 1995-2013 Xilinx, Inc.  All rights reserved.
--> Parameter TMPDIR set to xst/projnav.tmp


Total REAL time to Xst completion: 0.00 secs
Total CPU time to Xst completion: 0.28 secs
 
--> Parameter xsthdpdir set to xst


Total REAL time to Xst completion: 0.00 secs
Total CPU time to Xst completion: 0.28 secs
 
--> Reading design: MichaelsFPGAVision.prj

TABLE OF CONTENTS
  1) Synthesis Options Summary
  2) HDL Compilation
  3) Design Hierarchy Analysis
  4) HDL Analysis
  5) HDL Synthesis
     5.1) HDL Synthesis Report
  6) Advanced HDL Synthesis
     6.1) Advanced HDL Synthesis Report
  7) Low Level Synthesis
  8) Partition Report
  9) Final Report
	9.1) Device utilization summary
	9.2) Partition Resource Summary
	9.3) TIMING REPORT


=========================================================================
*                      Synthesis Options Summary                        *
=========================================================================
---- Source Parameters
Input File Name                    : "MichaelsFPGAVision.prj"
Input Format                       : mixed
Ignore Synthesis Constraint File   : NO

---- Target Parameters
Output File Name                   : "MichaelsFPGAVision"
Output Format                      : NGC
Target Device                      : xc3s400-4-ft256

---- Source Options
Top Module Name                    : MichaelsFPGAVision
Automatic FSM Extraction           : YES
FSM Encoding Algorithm             : Auto
Safe Implementation                : No
FSM Style                          : LUT
RAM Extraction                     : Yes
RAM Style                          : Auto
ROM Extraction                     : Yes
Mux Style                          : Auto
Decoder Extraction                 : YES
Priority Encoder Extraction        : Yes
Shift Register Extraction          : YES
Logical Shifter Extraction         : YES
XOR Collapsing                     : YES
ROM Style                          : Auto
Mux Extraction                     : Yes
Resource Sharing                   : YES
Asynchronous To Synchronous        : NO
Multiplier Style                   : Auto
Automatic Register Balancing       : No

---- Target Options
Add IO Buffers                     : YES
Global Maximum Fanout              : 100000
Add Generic Clock Buffer(BUFG)     : 8
Register Duplication               : YES
Slice Packing                      : YES
Optimize Instantiated Primitives   : NO
Use Clock Enable                   : Yes
Use Synchronous Set                : Yes
Use Synchronous Reset              : Yes
Pack IO Registers into IOBs        : Auto
Equivalent register Removal        : YES

---- General Options
Optimization Goal                  : Speed
Optimization Effort                : 1
Keep Hierarchy                     : No
Netlist Hierarchy                  : As_Optimized
RTL Output                         : Yes
Global Optimization                : AllClockNets
Read Cores                         : YES
Write Timing Constraints           : NO
Cross Clock Analysis               : NO
Hierarchy Separator                : /
Bus Delimiter                      : <>
Case Specifier                     : Maintain
Slice Utilization Ratio            : 100
BRAM Utilization Ratio             : 100
Verilog 2001                       : YES
Auto BRAM Packing                  : NO
Slice Utilization Ratio Delta      : 5

=========================================================================


=========================================================================
*                          HDL Compilation                              *
=========================================================================
Compiling vhdl file "C:/Users/lab/Documents/GitHub/single-photon-vision/FPGA/FPGAcount_troubleshooting/HexDriver.vhd" in Library work.
Architecture behavioral of Entity hex_display is up to date.
Compiling vhdl file "C:/Users/lab/Documents/GitHub/single-photon-vision/FPGA/FPGAcount_troubleshooting/mux4to1.vhd" in Library work.
Architecture behavioral of Entity mux4to1 is up to date.
Compiling vhdl file "C:/Users/lab/Documents/GitHub/single-photon-vision/FPGA/FPGAcount_troubleshooting/BUS2TO1.vhd" in Library work.
Architecture behavioral of Entity bus2to1 is up to date.
Compiling vhdl file "C:/Users/lab/Documents/GitHub/single-photon-vision/FPGA/FPGAcount_troubleshooting/dmux4to1.vhd" in Library work.
Architecture demultiplexer_case_arc of Entity demultiplexer_case is up to date.
Compiling vhdl file "C:/Users/lab/Documents/GitHub/single-photon-vision/FPGA/FPGAcount_troubleshooting/BUS16TO4.vhd" in Library work.
Architecture behavioral of Entity busto4 is up to date.
Compiling vhdl file "C:/Users/lab/Documents/GitHub/single-photon-vision/FPGA/FPGAcount_troubleshooting/MichaelsFPGAVision.vhf" in Library work.
Architecture behavioral of Entity cc8ce_mxilinx_michaelsfpgavision is up to date.
Architecture behavioral of Entity ftce_mxilinx_michaelsfpgavision is up to date.
Architecture behavioral of Entity cb2ce_mxilinx_michaelsfpgavision is up to date.
Architecture behavioral of Entity cc16ce_mxilinx_michaelsfpgavision is up to date.
Architecture behavioral of Entity comp16_mxilinx_michaelsfpgavision is up to date.
Architecture behavioral of Entity michaelsfpgavision is up to date.

=========================================================================
*                     Design Hierarchy Analysis                         *
=========================================================================
Analyzing hierarchy for entity <MichaelsFPGAVision> in library <work> (architecture <behavioral>).

Analyzing hierarchy for entity <CC16CE_MXILINX_MichaelsFPGAVision> in library <work> (architecture <behavioral>).

Analyzing hierarchy for entity <COMP16_MXILINX_MichaelsFPGAVision> in library <work> (architecture <behavioral>).

Analyzing hierarchy for entity <hex_display> in library <work> (architecture <behavioral>).

Analyzing hierarchy for entity <mux4to1> in library <work> (architecture <behavioral>).

Analyzing hierarchy for entity <CB2CE_MXILINX_MichaelsFPGAVision> in library <work> (architecture <behavioral>).

Analyzing hierarchy for entity <BUS2TO1> in library <work> (architecture <behavioral>).

Analyzing hierarchy for entity <demultiplexer_case> in library <work> (architecture <demultiplexer_case_arc>).

Analyzing hierarchy for entity <BUSTO4> in library <work> (architecture <behavioral>).

Analyzing hierarchy for entity <CC8CE_MXILINX_MichaelsFPGAVision> in library <work> (architecture <behavioral>).

Analyzing hierarchy for entity <FTCE_MXILINX_MichaelsFPGAVision> in library <work> (architecture <behavioral>) with generics.
	INIT = '0'


=========================================================================
*                            HDL Analysis                               *
=========================================================================
Analyzing Entity <MichaelsFPGAVision> in library <work> (Architecture <behavioral>).
WARNING:Xst:753 - "C:/Users/lab/Documents/GitHub/single-photon-vision/FPGA/FPGAcount_troubleshooting/MichaelsFPGAVision.vhf" line 1204: Unconnected output port 'CEO' of component 'CC16CE_MXILINX_MichaelsFPGAVision'.
WARNING:Xst:753 - "C:/Users/lab/Documents/GitHub/single-photon-vision/FPGA/FPGAcount_troubleshooting/MichaelsFPGAVision.vhf" line 1204: Unconnected output port 'TC' of component 'CC16CE_MXILINX_MichaelsFPGAVision'.
    Set user-defined property "HU_SET =  XLXI_5_3" for instance <XLXI_5> in unit <MichaelsFPGAVision>.
    Set user-defined property "HU_SET =  XLXI_81_2" for instance <XLXI_81> in unit <MichaelsFPGAVision>.
WARNING:Xst:753 - "C:/Users/lab/Documents/GitHub/single-photon-vision/FPGA/FPGAcount_troubleshooting/MichaelsFPGAVision.vhf" line 1254: Unconnected output port 'CEO' of component 'CB2CE_MXILINX_MichaelsFPGAVision'.
WARNING:Xst:753 - "C:/Users/lab/Documents/GitHub/single-photon-vision/FPGA/FPGAcount_troubleshooting/MichaelsFPGAVision.vhf" line 1254: Unconnected output port 'TC' of component 'CB2CE_MXILINX_MichaelsFPGAVision'.
    Set user-defined property "HU_SET =  XLXI_128_4" for instance <XLXI_128> in unit <MichaelsFPGAVision>.
WARNING:Xst:753 - "C:/Users/lab/Documents/GitHub/single-photon-vision/FPGA/FPGAcount_troubleshooting/MichaelsFPGAVision.vhf" line 1288: Unconnected output port 'CEO' of component 'CC8CE_MXILINX_MichaelsFPGAVision'.
WARNING:Xst:753 - "C:/Users/lab/Documents/GitHub/single-photon-vision/FPGA/FPGAcount_troubleshooting/MichaelsFPGAVision.vhf" line 1288: Unconnected output port 'Q' of component 'CC8CE_MXILINX_MichaelsFPGAVision'.
    Set user-defined property "HU_SET =  XLXI_138_5" for instance <XLXI_138> in unit <MichaelsFPGAVision>.
WARNING:Xst:753 - "C:/Users/lab/Documents/GitHub/single-photon-vision/FPGA/FPGAcount_troubleshooting/MichaelsFPGAVision.vhf" line 1302: Unconnected output port 'CEO' of component 'CC8CE_MXILINX_MichaelsFPGAVision'.
WARNING:Xst:753 - "C:/Users/lab/Documents/GitHub/single-photon-vision/FPGA/FPGAcount_troubleshooting/MichaelsFPGAVision.vhf" line 1302: Unconnected output port 'Q' of component 'CC8CE_MXILINX_MichaelsFPGAVision'.
    Set user-defined property "HU_SET =  XLXI_149_6" for instance <XLXI_149> in unit <MichaelsFPGAVision>.
Entity <MichaelsFPGAVision> analyzed. Unit <MichaelsFPGAVision> generated.

Analyzing Entity <CC16CE_MXILINX_MichaelsFPGAVision> in library <work> (Architecture <behavioral>).
    Set user-defined property "INIT =  0" for instance <I_36_35> in unit <CC16CE_MXILINX_MichaelsFPGAVision>.
    Set user-defined property "INIT =  0" for instance <I_36_36> in unit <CC16CE_MXILINX_MichaelsFPGAVision>.
    Set user-defined property "INIT =  0" for instance <I_36_224> in unit <CC16CE_MXILINX_MichaelsFPGAVision>.
    Set user-defined property "INIT =  0" for instance <I_36_237> in unit <CC16CE_MXILINX_MichaelsFPGAVision>.
    Set user-defined property "INIT =  0" for instance <I_36_250> in unit <CC16CE_MXILINX_MichaelsFPGAVision>.
    Set user-defined property "INIT =  0" for instance <I_36_263> in unit <CC16CE_MXILINX_MichaelsFPGAVision>.
    Set user-defined property "INIT =  0" for instance <I_36_276> in unit <CC16CE_MXILINX_MichaelsFPGAVision>.
    Set user-defined property "INIT =  0" for instance <I_36_289> in unit <CC16CE_MXILINX_MichaelsFPGAVision>.
    Set user-defined property "INIT =  0" for instance <I_36_1095> in unit <CC16CE_MXILINX_MichaelsFPGAVision>.
    Set user-defined property "INIT =  0" for instance <I_36_1101> in unit <CC16CE_MXILINX_MichaelsFPGAVision>.
    Set user-defined property "INIT =  0" for instance <I_36_1102> in unit <CC16CE_MXILINX_MichaelsFPGAVision>.
    Set user-defined property "INIT =  0" for instance <I_36_1104> in unit <CC16CE_MXILINX_MichaelsFPGAVision>.
    Set user-defined property "INIT =  0" for instance <I_36_1113> in unit <CC16CE_MXILINX_MichaelsFPGAVision>.
    Set user-defined property "INIT =  0" for instance <I_36_1114> in unit <CC16CE_MXILINX_MichaelsFPGAVision>.
    Set user-defined property "INIT =  0" for instance <I_36_1116> in unit <CC16CE_MXILINX_MichaelsFPGAVision>.
    Set user-defined property "INIT =  0" for instance <I_36_1118> in unit <CC16CE_MXILINX_MichaelsFPGAVision>.
Entity <CC16CE_MXILINX_MichaelsFPGAVision> analyzed. Unit <CC16CE_MXILINX_MichaelsFPGAVision> generated.

Analyzing Entity <COMP16_MXILINX_MichaelsFPGAVision> in library <work> (Architecture <behavioral>).
Entity <COMP16_MXILINX_MichaelsFPGAVision> analyzed. Unit <COMP16_MXILINX_MichaelsFPGAVision> generated.

Analyzing Entity <hex_display> in library <work> (Architecture <behavioral>).
Entity <hex_display> analyzed. Unit <hex_display> generated.

Analyzing Entity <mux4to1> in library <work> (Architecture <behavioral>).
Entity <mux4to1> analyzed. Unit <mux4to1> generated.

Analyzing Entity <CB2CE_MXILINX_MichaelsFPGAVision> in library <work> (Architecture <behavioral>).
    Set user-defined property "HU_SET =  I_Q0_0" for instance <I_Q0> in unit <CB2CE_MXILINX_MichaelsFPGAVision>.
    Set user-defined property "HU_SET =  I_Q1_1" for instance <I_Q1> in unit <CB2CE_MXILINX_MichaelsFPGAVision>.
Entity <CB2CE_MXILINX_MichaelsFPGAVision> analyzed. Unit <CB2CE_MXILINX_MichaelsFPGAVision> generated.

Analyzing generic Entity <FTCE_MXILINX_MichaelsFPGAVision> in library <work> (Architecture <behavioral>).
	INIT = '0'
    Set user-defined property "INIT =  0" for instance <I_36_35> in unit <FTCE_MXILINX_MichaelsFPGAVision>.
    Set user-defined property "RLOC =  X0Y0" for instance <I_36_35> in unit <FTCE_MXILINX_MichaelsFPGAVision>.
Entity <FTCE_MXILINX_MichaelsFPGAVision> analyzed. Unit <FTCE_MXILINX_MichaelsFPGAVision> generated.

Analyzing Entity <BUS2TO1> in library <work> (Architecture <behavioral>).
Entity <BUS2TO1> analyzed. Unit <BUS2TO1> generated.

Analyzing Entity <demultiplexer_case> in library <work> (Architecture <demultiplexer_case_arc>).
INFO:Xst:1561 - "C:/Users/lab/Documents/GitHub/single-photon-vision/FPGA/FPGAcount_troubleshooting/dmux4to1.vhd" line 39: Mux is complete : default of case is discarded
Entity <demultiplexer_case> analyzed. Unit <demultiplexer_case> generated.

Analyzing Entity <BUSTO4> in library <work> (Architecture <behavioral>).
Entity <BUSTO4> analyzed. Unit <BUSTO4> generated.

Analyzing Entity <CC8CE_MXILINX_MichaelsFPGAVision> in library <work> (Architecture <behavioral>).
    Set user-defined property "RLOC =  X0Y0" for instance <I_36_4> in unit <CC8CE_MXILINX_MichaelsFPGAVision>.
    Set user-defined property "RLOC =  X0Y0" for instance <I_36_26> in unit <CC8CE_MXILINX_MichaelsFPGAVision>.
    Set user-defined property "INIT =  0" for instance <I_36_35> in unit <CC8CE_MXILINX_MichaelsFPGAVision>.
    Set user-defined property "RLOC =  X0Y0" for instance <I_36_35> in unit <CC8CE_MXILINX_MichaelsFPGAVision>.
    Set user-defined property "INIT =  0" for instance <I_36_36> in unit <CC8CE_MXILINX_MichaelsFPGAVision>.
    Set user-defined property "RLOC =  X0Y0" for instance <I_36_36> in unit <CC8CE_MXILINX_MichaelsFPGAVision>.
    Set user-defined property "INIT =  0" for instance <I_36_224> in unit <CC8CE_MXILINX_MichaelsFPGAVision>.
    Set user-defined property "RLOC =  X0Y1" for instance <I_36_224> in unit <CC8CE_MXILINX_MichaelsFPGAVision>.
    Set user-defined property "RLOC =  X0Y1" for instance <I_36_233> in unit <CC8CE_MXILINX_MichaelsFPGAVision>.
    Set user-defined property "INIT =  0" for instance <I_36_237> in unit <CC8CE_MXILINX_MichaelsFPGAVision>.
    Set user-defined property "RLOC =  X0Y1" for instance <I_36_237> in unit <CC8CE_MXILINX_MichaelsFPGAVision>.
    Set user-defined property "RLOC =  X0Y1" for instance <I_36_246> in unit <CC8CE_MXILINX_MichaelsFPGAVision>.
    Set user-defined property "INIT =  0" for instance <I_36_250> in unit <CC8CE_MXILINX_MichaelsFPGAVision>.
    Set user-defined property "RLOC =  X0Y2" for instance <I_36_250> in unit <CC8CE_MXILINX_MichaelsFPGAVision>.
    Set user-defined property "RLOC =  X0Y2" for instance <I_36_259> in unit <CC8CE_MXILINX_MichaelsFPGAVision>.
    Set user-defined property "INIT =  0" for instance <I_36_263> in unit <CC8CE_MXILINX_MichaelsFPGAVision>.
    Set user-defined property "RLOC =  X0Y2" for instance <I_36_263> in unit <CC8CE_MXILINX_MichaelsFPGAVision>.
    Set user-defined property "RLOC =  X0Y2" for instance <I_36_272> in unit <CC8CE_MXILINX_MichaelsFPGAVision>.
    Set user-defined property "INIT =  0" for instance <I_36_276> in unit <CC8CE_MXILINX_MichaelsFPGAVision>.
    Set user-defined property "RLOC =  X0Y3" for instance <I_36_276> in unit <CC8CE_MXILINX_MichaelsFPGAVision>.
    Set user-defined property "RLOC =  X0Y3" for instance <I_36_285> in unit <CC8CE_MXILINX_MichaelsFPGAVision>.
    Set user-defined property "INIT =  0" for instance <I_36_289> in unit <CC8CE_MXILINX_MichaelsFPGAVision>.
    Set user-defined property "RLOC =  X0Y3" for instance <I_36_289> in unit <CC8CE_MXILINX_MichaelsFPGAVision>.
    Set user-defined property "RLOC =  X0Y3" for instance <I_36_298> in unit <CC8CE_MXILINX_MichaelsFPGAVision>.
Entity <CC8CE_MXILINX_MichaelsFPGAVision> analyzed. Unit <CC8CE_MXILINX_MichaelsFPGAVision> generated.


=========================================================================
*                           HDL Synthesis                               *
=========================================================================

Performing bidirectional port resolution...

Synthesizing Unit <hex_display>.
    Related source file is "C:/Users/lab/Documents/GitHub/single-photon-vision/FPGA/FPGAcount_troubleshooting/HexDriver.vhd".
Unit <hex_display> synthesized.


Synthesizing Unit <mux4to1>.
    Related source file is "C:/Users/lab/Documents/GitHub/single-photon-vision/FPGA/FPGAcount_troubleshooting/mux4to1.vhd".
    Found 4-bit 4-to-1 multiplexer for signal <O>.
    Summary:
	inferred   4 Multiplexer(s).
Unit <mux4to1> synthesized.


Synthesizing Unit <BUS2TO1>.
    Related source file is "C:/Users/lab/Documents/GitHub/single-photon-vision/FPGA/FPGAcount_troubleshooting/BUS2TO1.vhd".
Unit <BUS2TO1> synthesized.


Synthesizing Unit <demultiplexer_case>.
    Related source file is "C:/Users/lab/Documents/GitHub/single-photon-vision/FPGA/FPGAcount_troubleshooting/dmux4to1.vhd".
    Found 4x4-bit ROM for signal <sel$rom0000>.
    Summary:
	inferred   1 ROM(s).
Unit <demultiplexer_case> synthesized.


Synthesizing Unit <BUSTO4>.
    Related source file is "C:/Users/lab/Documents/GitHub/single-photon-vision/FPGA/FPGAcount_troubleshooting/BUS16TO4.vhd".
Unit <BUSTO4> synthesized.


Synthesizing Unit <CC16CE_MXILINX_MichaelsFPGAVision>.
    Related source file is "C:/Users/lab/Documents/GitHub/single-photon-vision/FPGA/FPGAcount_troubleshooting/MichaelsFPGAVision.vhf".
Unit <CC16CE_MXILINX_MichaelsFPGAVision> synthesized.


Synthesizing Unit <COMP16_MXILINX_MichaelsFPGAVision>.
    Related source file is "C:/Users/lab/Documents/GitHub/single-photon-vision/FPGA/FPGAcount_troubleshooting/MichaelsFPGAVision.vhf".
Unit <COMP16_MXILINX_MichaelsFPGAVision> synthesized.


Synthesizing Unit <CC8CE_MXILINX_MichaelsFPGAVision>.
    Related source file is "C:/Users/lab/Documents/GitHub/single-photon-vision/FPGA/FPGAcount_troubleshooting/MichaelsFPGAVision.vhf".
Unit <CC8CE_MXILINX_MichaelsFPGAVision> synthesized.


Synthesizing Unit <FTCE_MXILINX_MichaelsFPGAVision>.
    Related source file is "C:/Users/lab/Documents/GitHub/single-photon-vision/FPGA/FPGAcount_troubleshooting/MichaelsFPGAVision.vhf".
Unit <FTCE_MXILINX_MichaelsFPGAVision> synthesized.


Synthesizing Unit <CB2CE_MXILINX_MichaelsFPGAVision>.
    Related source file is "C:/Users/lab/Documents/GitHub/single-photon-vision/FPGA/FPGAcount_troubleshooting/MichaelsFPGAVision.vhf".
Unit <CB2CE_MXILINX_MichaelsFPGAVision> synthesized.


Synthesizing Unit <MichaelsFPGAVision>.
    Related source file is "C:/Users/lab/Documents/GitHub/single-photon-vision/FPGA/FPGAcount_troubleshooting/MichaelsFPGAVision.vhf".
Unit <MichaelsFPGAVision> synthesized.


=========================================================================
HDL Synthesis Report

Macro Statistics
# ROMs                                                 : 1
 4x4-bit ROM                                           : 1
# Multiplexers                                         : 1
 4-bit 4-to-1 multiplexer                              : 1

=========================================================================

=========================================================================
*                       Advanced HDL Synthesis                          *
=========================================================================


=========================================================================
Advanced HDL Synthesis Report

Macro Statistics
# ROMs                                                 : 1
 4x4-bit ROM                                           : 1
# Registers                                            : 34
 Flip-Flops                                            : 34
# Multiplexers                                         : 1
 4-bit 4-to-1 multiplexer                              : 1

=========================================================================

=========================================================================
*                         Low Level Synthesis                           *
=========================================================================

Optimizing unit <MichaelsFPGAVision> ...

Optimizing unit <CC16CE_MXILINX_MichaelsFPGAVision> ...

Optimizing unit <COMP16_MXILINX_MichaelsFPGAVision> ...

Optimizing unit <CC8CE_MXILINX_MichaelsFPGAVision> ...

Optimizing unit <FTCE_MXILINX_MichaelsFPGAVision> ...

Optimizing unit <CB2CE_MXILINX_MichaelsFPGAVision> ...

Mapping all equations...
Building and optimizing final netlist ...
Found area constraint ratio of 100 (+ 5) on block MichaelsFPGAVision, actual ratio is 0.

Final Macro Processing ...

=========================================================================
Final Register Report

Macro Statistics
# Registers                                            : 34
 Flip-Flops                                            : 34

=========================================================================

=========================================================================
*                           Partition Report                            *
=========================================================================

Partition Implementation Status
-------------------------------

  No Partitions were found in this design.

-------------------------------

=========================================================================
*                            Final Report                               *
=========================================================================
Final Results
RTL Top Level Output File Name     : MichaelsFPGAVision.ngr
Top Level Output File Name         : MichaelsFPGAVision
Output Format                      : NGC
Optimization Goal                  : Speed
Keep Hierarchy                     : No

Design Statistics
# IOs                              : 17

Cell Usage :
# BELS                             : 166
#      AND2                        : 6
#      AND3                        : 3
#      AND4                        : 5
#      GND                         : 4
#      INV                         : 6
#      LUT1                        : 32
#      LUT2                        : 4
#      LUT3                        : 8
#      LUT4                        : 7
#      MUXCY                       : 3
#      MUXCY_L                     : 29
#      MUXF5                       : 4
#      VCC                         : 5
#      XNOR2                       : 16
#      XOR2                        : 2
#      XORCY                       : 32
# FlipFlops/Latches                : 34
#      FDCE                        : 34
# Clock Buffers                    : 2
#      BUFGP                       : 2
# IO Buffers                       : 15
#      IBUF                        : 1
#      OBUF                        : 14
=========================================================================

Device utilization summary:
---------------------------

Selected Device : 3s400ft256-4 

 Number of Slices:                       29  out of   3584     0%  
 Number of Slice Flip Flops:             34  out of   7168     0%  
 Number of 4 input LUTs:                 57  out of   7168     0%  
 Number of IOs:                          17
 Number of bonded IOBs:                  17  out of    173     9%  
 Number of GCLKs:                         2  out of      8    25%  

---------------------------
Partition Resource Summary:
---------------------------

  No Partitions were found in this design.

---------------------------


=========================================================================
TIMING REPORT

NOTE: THESE TIMING NUMBERS ARE ONLY A SYNTHESIS ESTIMATE.
      FOR ACCURATE TIMING INFORMATION PLEASE REFER TO THE TRACE REPORT
      GENERATED AFTER PLACE-and-ROUTE.

Clock Information:
------------------
-----------------------------------+-------------------------------+-------+
Clock Signal                       | Clock buffer(FF name)         | Load  |
-----------------------------------+-------------------------------+-------+
PULSES                             | BUFGP                         | 16    |
CLKIN                              | BUFGP                         | 8     |
XLXI_149/TC(XLXI_149/XLXI_1:O)     | NONE(*)(XLXI_138/I_36_35)     | 8     |
XLXI_138/TC(XLXI_138/XLXI_1:O)     | NONE(*)(XLXI_128/I_Q1/I_36_35)| 2     |
-----------------------------------+-------------------------------+-------+
(*) These 2 clock signal(s) are generated by combinatorial logic,
and XST is not able to identify which are the primary clock signals.
Please use the CLOCK_SIGNAL constraint to specify the clock signal(s) generated by combinatorial logic.
INFO:Xst:2169 - HDL ADVISOR - Some clock signals were not automatically buffered by XST with BUFG/BUFR resources. Please use the buffer_type constraint in order to insert these buffers to the clock signals to help prevent skew problems.

Asynchronous Control Signals Information:
----------------------------------------
-----------------------------------+----------------------------+-------+
Control Signal                     | Buffer(FF name)            | Load  |
-----------------------------------+----------------------------+-------+
XLXN_200(XLXI_151:G)               | NONE(XLXI_128/I_Q0/I_36_35)| 18    |
XLXN_7(XLXI_8:O)                   | NONE(XLXI_5/I_36_1095)     | 16    |
-----------------------------------+----------------------------+-------+

Timing Summary:
---------------
Speed Grade: -4

   Minimum period: 5.020ns (Maximum Frequency: 199.203MHz)
   Minimum input arrival time before clock: 2.873ns
   Maximum output required time after clock: 15.459ns
   Maximum combinational path delay: 10.695ns

Timing Detail:
--------------
All values displayed in nanoseconds (ns)

=========================================================================
Timing constraint: Default period analysis for Clock 'PULSES'
  Clock period: 5.020ns (frequency: 199.203MHz)
  Total number of paths / destination ports: 136 / 16
-------------------------------------------------------------------------
Delay:               5.020ns (Levels of Logic = 17)
  Source:            XLXI_5/I_36_36 (FF)
  Destination:       XLXI_5/I_36_1113 (FF)
  Source Clock:      PULSES rising
  Destination Clock: PULSES rising

  Data Path: XLXI_5/I_36_36 to XLXI_5/I_36_1113
                                Gate     Net
    Cell:in->out      fanout   Delay   Delay  Logical Name (Net Name)
    ----------------------------------------  ------------
     FDCE:C->Q             3   0.720   1.246  I_36_36 (Q<0>)
     LUT1:I0->O            1   0.551   0.000  I_36_4_rt (I_36_4_rt)
     MUXCY_L:S->LO         1   0.500   0.000  I_36_4 (C1)
     MUXCY_L:CI->LO        1   0.064   0.000  I_36_26 (C2)
     MUXCY_L:CI->LO        1   0.064   0.000  I_36_233 (C3)
     MUXCY_L:CI->LO        1   0.064   0.000  I_36_246 (C4)
     MUXCY_L:CI->LO        1   0.064   0.000  I_36_259 (C5)
     MUXCY_L:CI->LO        1   0.064   0.000  I_36_272 (C6)
     MUXCY_L:CI->LO        1   0.064   0.000  I_36_285 (C7)
     MUXCY_L:CI->LO        1   0.064   0.000  I_36_298 (C8)
     MUXCY_L:CI->LO        1   0.064   0.000  I_36_1147 (C9)
     MUXCY_L:CI->LO        1   0.064   0.000  I_36_1146 (C10)
     MUXCY_L:CI->LO        1   0.064   0.000  I_36_1145 (C11)
     MUXCY_L:CI->LO        1   0.064   0.000  I_36_1144 (C12)
     MUXCY_L:CI->LO        1   0.064   0.000  I_36_1143 (C13)
     MUXCY_L:CI->LO        1   0.064   0.000  I_36_1142 (C14)
     MUXCY_L:CI->LO        1   0.064   0.000  I_36_1141 (C15)
     XORCY:CI->O           1   0.904   0.000  I_36_1112 (TQ15)
     FDCE:D                    0.203          I_36_1113
    ----------------------------------------
    Total                      5.020ns (3.774ns logic, 1.246ns route)
                                       (75.2% logic, 24.8% route)

=========================================================================
Timing constraint: Default period analysis for Clock 'CLKIN'
  Clock period: 4.402ns (frequency: 227.169MHz)
  Total number of paths / destination ports: 36 / 8
-------------------------------------------------------------------------
Delay:               4.402ns (Levels of Logic = 9)
  Source:            XLXI_149/I_36_36 (FF)
  Destination:       XLXI_149/I_36_289 (FF)
  Source Clock:      CLKIN rising
  Destination Clock: CLKIN rising

  Data Path: XLXI_149/I_36_36 to XLXI_149/I_36_289
                                Gate     Net
    Cell:in->out      fanout   Delay   Delay  Logical Name (Net Name)
    ----------------------------------------  ------------
     FDCE:C->Q             1   0.720   1.140  I_36_36 (Q<0>)
     LUT1:I0->O            1   0.551   0.000  I_36_4_rt (I_36_4_rt)
     MUXCY_L:S->LO         1   0.500   0.000  I_36_4 (C1)
     MUXCY_L:CI->LO        1   0.064   0.000  I_36_26 (C2)
     MUXCY_L:CI->LO        1   0.064   0.000  I_36_233 (C3)
     MUXCY_L:CI->LO        1   0.064   0.000  I_36_246 (C4)
     MUXCY_L:CI->LO        1   0.064   0.000  I_36_259 (C5)
     MUXCY_L:CI->LO        1   0.064   0.000  I_36_272 (C6)
     MUXCY_L:CI->LO        1   0.064   0.000  I_36_285 (C7)
     XORCY:CI->O           1   0.904   0.000  I_36_291 (TQ7)
     FDCE:D                    0.203          I_36_289
    ----------------------------------------
    Total                      4.402ns (3.262ns logic, 1.140ns route)
                                       (74.1% logic, 25.9% route)

=========================================================================
Timing constraint: Default period analysis for Clock 'XLXI_149/TC'
  Clock period: 4.402ns (frequency: 227.169MHz)
  Total number of paths / destination ports: 36 / 8
-------------------------------------------------------------------------
Delay:               4.402ns (Levels of Logic = 9)
  Source:            XLXI_138/I_36_36 (FF)
  Destination:       XLXI_138/I_36_289 (FF)
  Source Clock:      XLXI_149/TC rising
  Destination Clock: XLXI_149/TC rising

  Data Path: XLXI_138/I_36_36 to XLXI_138/I_36_289
                                Gate     Net
    Cell:in->out      fanout   Delay   Delay  Logical Name (Net Name)
    ----------------------------------------  ------------
     FDCE:C->Q             1   0.720   1.140  I_36_36 (Q<0>)
     LUT1:I0->O            1   0.551   0.000  I_36_4_rt (I_36_4_rt)
     MUXCY_L:S->LO         1   0.500   0.000  I_36_4 (C1)
     MUXCY_L:CI->LO        1   0.064   0.000  I_36_26 (C2)
     MUXCY_L:CI->LO        1   0.064   0.000  I_36_233 (C3)
     MUXCY_L:CI->LO        1   0.064   0.000  I_36_246 (C4)
     MUXCY_L:CI->LO        1   0.064   0.000  I_36_259 (C5)
     MUXCY_L:CI->LO        1   0.064   0.000  I_36_272 (C6)
     MUXCY_L:CI->LO        1   0.064   0.000  I_36_285 (C7)
     XORCY:CI->O           1   0.904   0.000  I_36_291 (TQ7)
     FDCE:D                    0.203          I_36_289
    ----------------------------------------
    Total                      4.402ns (3.262ns logic, 1.140ns route)
                                       (74.1% logic, 25.9% route)

=========================================================================
Timing constraint: Default period analysis for Clock 'XLXI_138/TC'
  Clock period: 3.463ns (frequency: 288.767MHz)
  Total number of paths / destination ports: 3 / 2
-------------------------------------------------------------------------
Delay:               3.463ns (Levels of Logic = 2)
  Source:            XLXI_128/I_Q0/I_36_35 (FF)
  Destination:       XLXI_128/I_Q1/I_36_35 (FF)
  Source Clock:      XLXI_138/TC rising
  Destination Clock: XLXI_138/TC rising

  Data Path: XLXI_128/I_Q0/I_36_35 to XLXI_128/I_Q1/I_36_35
                                Gate     Net
    Cell:in->out      fanout   Delay   Delay  Logical Name (Net Name)
    ----------------------------------------  ------------
     FDCE:C->Q            15   0.720   1.188  I_36_35 (Q)
     end scope: 'I_Q0'
     begin scope: 'I_Q1'
     XOR2:I0->O            1   0.551   0.801  I_36_32 (TQ)
     FDCE:D                    0.203          I_36_35
    ----------------------------------------
    Total                      3.463ns (1.474ns logic, 1.989ns route)
                                       (42.6% logic, 57.4% route)

=========================================================================
Timing constraint: Default OFFSET IN BEFORE for Clock 'PULSES'
  Total number of paths / destination ports: 16 / 16
-------------------------------------------------------------------------
Offset:              2.873ns (Levels of Logic = 2)
  Source:            LABVIEW (PAD)
  Destination:       XLXI_5/I_36_35 (FF)
  Destination Clock: PULSES rising

  Data Path: LABVIEW to XLXI_5/I_36_35
                                Gate     Net
    Cell:in->out      fanout   Delay   Delay  Logical Name (Net Name)
    ----------------------------------------  ------------
     IBUF:I->O            19   0.821   1.450  LABVIEW_IBUF (LABVIEW_IBUF)
     begin scope: 'XLXI_5'
     FDCE:CE                   0.602          I_36_35
    ----------------------------------------
    Total                      2.873ns (1.423ns logic, 1.450ns route)
                                       (49.5% logic, 50.5% route)

=========================================================================
Timing constraint: Default OFFSET OUT AFTER for Clock 'XLXI_138/TC'
  Total number of paths / destination ports: 92 / 11
-------------------------------------------------------------------------
Offset:              11.559ns (Levels of Logic = 5)
  Source:            XLXI_128/I_Q0/I_36_35 (FF)
  Destination:       HexOut<7> (PAD)
  Source Clock:      XLXI_138/TC rising

  Data Path: XLXI_128/I_Q0/I_36_35 to HexOut<7>
                                Gate     Net
    Cell:in->out      fanout   Delay   Delay  Logical Name (Net Name)
    ----------------------------------------  ------------
     FDCE:C->Q            15   0.720   1.527  I_36_35 (Q)
     end scope: 'I_Q0'
     end scope: 'XLXI_128'
     LUT3:I0->O            1   0.551   0.000  XLXI_118/Mmux_O_3 (XLXI_118/Mmux_O_3)
     MUXF5:I1->O           7   0.360   1.405  XLXI_118/Mmux_O_2_f5 (XLXN_158<0>)
     LUT4:I0->O            1   0.551   0.801  XLXI_108/segs<4>1 (HexOut_4_OBUF)
     OBUF:I->O                 5.644          HexOut_4_OBUF (HexOut<4>)
    ----------------------------------------
    Total                     11.559ns (7.826ns logic, 3.733ns route)
                                       (67.7% logic, 32.3% route)

=========================================================================
Timing constraint: Default OFFSET OUT AFTER for Clock 'PULSES'
  Total number of paths / destination ports: 144 / 9
-------------------------------------------------------------------------
Offset:              15.459ns (Levels of Logic = 9)
  Source:            XLXI_5/I_36_1113 (FF)
  Destination:       LabVIEWOUT (PAD)
  Source Clock:      PULSES rising

  Data Path: XLXI_5/I_36_1113 to LabVIEWOUT
                                Gate     Net
    Cell:in->out      fanout   Delay   Delay  Logical Name (Net Name)
    ----------------------------------------  ------------
     FDCE:C->Q             3   0.720   0.907  I_36_1113 (Q<15>)
     end scope: 'XLXI_5'
     begin scope: 'XLXI_81'
     XNOR2:I1->O           1   0.551   0.801  I_36_67 (AB15)
     AND4:I0->O            1   0.551   0.801  I_36_70 (ABCF)
     AND4:I0->O            1   0.551   0.801  I_36_31 (EQ)
     end scope: 'XLXI_81'
     INV:I->O              1   0.551   0.801  XLXI_102 (XLXN_141)
     AND2:I0->O            2   0.551   0.877  XLXI_90 (LASER_OBUF)
     INV:I->O              1   0.551   0.801  XLXI_103 (LabVIEWOUT_OBUF)
     OBUF:I->O                 5.644          LabVIEWOUT_OBUF (LabVIEWOUT)
    ----------------------------------------
    Total                     15.459ns (9.670ns logic, 5.789ns route)
                                       (62.6% logic, 37.4% route)

=========================================================================
Timing constraint: Default path analysis
  Total number of paths / destination ports: 2 / 2
-------------------------------------------------------------------------
Delay:               10.695ns (Levels of Logic = 4)
  Source:            LABVIEW (PAD)
  Destination:       LabVIEWOUT (PAD)

  Data Path: LABVIEW to LabVIEWOUT
                                Gate     Net
    Cell:in->out      fanout   Delay   Delay  Logical Name (Net Name)
    ----------------------------------------  ------------
     IBUF:I->O            19   0.821   1.450  LABVIEW_IBUF (LABVIEW_IBUF)
     AND2:I1->O            2   0.551   0.877  XLXI_90 (LASER_OBUF)
     INV:I->O              1   0.551   0.801  XLXI_103 (LabVIEWOUT_OBUF)
     OBUF:I->O                 5.644          LabVIEWOUT_OBUF (LabVIEWOUT)
    ----------------------------------------
    Total                     10.695ns (7.567ns logic, 3.128ns route)
                                       (70.8% logic, 29.2% route)

=========================================================================


Total REAL time to Xst completion: 7.00 secs
Total CPU time to Xst completion: 7.46 secs
 
--> 

Total memory usage is 269908 kilobytes

Number of errors   :    0 (   0 filtered)
Number of warnings :    8 (   0 filtered)
Number of infos    :    2 (   0 filtered)

